{
  "stats": {
    "suites": 1,
    "tests": 6,
    "passes": 5,
    "pending": 0,
    "failures": 1,
    "start": "2024-02-20T16:01:13.935Z",
    "end": "2024-02-20T16:01:40.485Z",
    "duration": 26550,
    "testsRegistered": 6,
    "passPercent": 83.33333333333334,
    "pendingPercent": 0,
    "other": 0,
    "hasOther": false,
    "skipped": 0,
    "hasSkipped": false
  },
  "results": [
    {
      "uuid": "23c58dab-0a73-4c43-b559-c26287966d52",
      "title": "",
      "fullFile": "cypress\\Integration\\BDD\\Login.feature",
      "file": "cypress\\Integration\\BDD\\Login.feature",
      "beforeHooks": [],
      "afterHooks": [],
      "tests": [],
      "suites": [
        {
          "uuid": "d902e70d-c10a-4eed-af40-f0c1a4ab7b4e",
          "title": "Login functionality",
          "fullFile": "",
          "file": "",
          "beforeHooks": [],
          "afterHooks": [],
          "tests": [
            {
              "title": "Enter the credentials in swaglabs (example #1)",
              "fullTitle": "Login functionality Enter the credentials in swaglabs (example #1)",
              "timedOut": null,
              "duration": 2386,
              "state": "passed",
              "speed": "fast",
              "pass": true,
              "fail": false,
              "pending": false,
              "context": null,
              "code": "",
              "err": {},
              "uuid": "6e4356e0-d133-4795-8fba-cb5de468aa73",
              "parentUUID": "d902e70d-c10a-4eed-af40-f0c1a4ab7b4e",
              "isHook": false,
              "skipped": false
            },
            {
              "title": "Enter the credentials in swaglabs (example #2)",
              "fullTitle": "Login functionality Enter the credentials in swaglabs (example #2)",
              "timedOut": null,
              "duration": 9341,
              "state": "failed",
              "speed": null,
              "pass": false,
              "fail": true,
              "pending": false,
              "context": "\"C:\\\\Users\\\\TDP\\\\Desktop\\\\Cypress BDD\\\\SwagLabs\\\\cypress\\\\screenshots/Login functionality -- Enter the credentials in swaglabs (example #2) (failed).png\"",
              "code": "",
              "err": {
                "message": "AssertionError: Timed out retrying after 8000ms: Expected to find element: `div.app_logo`, but never found it.",
                "estack": "AssertionError: Timed out retrying after 8000ms: Expected to find element: `div.app_logo`, but never found it.\n    at HomePage.get_Homepg_Logo_Selector (cypress/Integration/PageObjects/HomePage.js:67:18)\n    at HomePage.Validate_Landed_Page (cypress/Integration/PageObjects/HomePage.js:45:31)\n    at Context.eval (cypress/support/step_definitions/sharedsteps.js:20:13)\n    at Registry.runStepDefininition (node_modules/@badeball/cypress-cucumber-preprocessor/dist/registry.js:160:0)\n    at Object.fn (node_modules/@badeball/cypress-cucumber-preprocessor/dist/browser-runtime.js:367:0)\n    at runStepWithLogGroup (node_modules/@badeball/cypress-cucumber-preprocessor/dist/helpers/cypress.js:51:0)\n    at Context.eval (node_modules/@badeball/cypress-cucumber-preprocessor/dist/browser-runtime.js:363:0)",
                "diff": null
              },
              "uuid": "93bec806-93d9-43f2-b4fd-557e595feac0",
              "parentUUID": "d902e70d-c10a-4eed-af40-f0c1a4ab7b4e",
              "isHook": false,
              "skipped": false
            },
            {
              "title": "Enter the credentials in swaglabs (example #3)",
              "fullTitle": "Login functionality Enter the credentials in swaglabs (example #3)",
              "timedOut": null,
              "duration": 1632,
              "state": "passed",
              "speed": "fast",
              "pass": true,
              "fail": false,
              "pending": false,
              "context": null,
              "code": "",
              "err": {},
              "uuid": "04dace3d-5c16-41e7-901d-b6a7d435a3b3",
              "parentUUID": "d902e70d-c10a-4eed-af40-f0c1a4ab7b4e",
              "isHook": false,
              "skipped": false
            },
            {
              "title": "Enter the credentials in swaglabs (example #4)",
              "fullTitle": "Login functionality Enter the credentials in swaglabs (example #4)",
              "timedOut": null,
              "duration": 6954,
              "state": "passed",
              "speed": "medium",
              "pass": true,
              "fail": false,
              "pending": false,
              "context": null,
              "code": "",
              "err": {},
              "uuid": "b2feac02-500d-412b-ad95-33083d4bd703",
              "parentUUID": "d902e70d-c10a-4eed-af40-f0c1a4ab7b4e",
              "isHook": false,
              "skipped": false
            },
            {
              "title": "Enter the credentials in swaglabs (example #5)",
              "fullTitle": "Login functionality Enter the credentials in swaglabs (example #5)",
              "timedOut": null,
              "duration": 1379,
              "state": "passed",
              "speed": "fast",
              "pass": true,
              "fail": false,
              "pending": false,
              "context": null,
              "code": "",
              "err": {},
              "uuid": "e5330d2a-fabc-470d-a427-6bd3ef2b2b6a",
              "parentUUID": "d902e70d-c10a-4eed-af40-f0c1a4ab7b4e",
              "isHook": false,
              "skipped": false
            },
            {
              "title": "Enter the credentials in swaglabs (example #6)",
              "fullTitle": "Login functionality Enter the credentials in swaglabs (example #6)",
              "timedOut": null,
              "duration": 903,
              "state": "passed",
              "speed": "fast",
              "pass": true,
              "fail": false,
              "pending": false,
              "context": null,
              "code": "",
              "err": {},
              "uuid": "4f40b234-0fa2-42d7-9631-72119af4977d",
              "parentUUID": "d902e70d-c10a-4eed-af40-f0c1a4ab7b4e",
              "isHook": false,
              "skipped": false
            }
          ],
          "suites": [],
          "passes": [
            "6e4356e0-d133-4795-8fba-cb5de468aa73",
            "04dace3d-5c16-41e7-901d-b6a7d435a3b3",
            "b2feac02-500d-412b-ad95-33083d4bd703",
            "e5330d2a-fabc-470d-a427-6bd3ef2b2b6a",
            "4f40b234-0fa2-42d7-9631-72119af4977d"
          ],
          "failures": [
            "93bec806-93d9-43f2-b4fd-557e595feac0"
          ],
          "pending": [],
          "skipped": [],
          "duration": 22595,
          "root": false,
          "rootEmpty": false,
          "_timeout": 2000
        }
      ],
      "passes": [],
      "failures": [],
      "pending": [],
      "skipped": [],
      "duration": 0,
      "root": true,
      "rootEmpty": true,
      "_timeout": 2000
    }
  ],
  "meta": {
    "mocha": {
      "version": "7.0.1"
    },
    "mochawesome": {
      "options": {
        "quiet": false,
        "reportFilename": "mochawesome",
        "saveHtml": true,
        "saveJson": true,
        "consoleReporter": "spec",
        "useInlineDiffs": false,
        "code": false
      },
      "version": "7.1.3"
    },
    "marge": {
      "options": {
        "charts": true,
        "reportPageTitle": "SwagLabs",
        "embeddedScreenshots": true,
        "inlineAssets": true,
        "saveAllAttempts": true,
        "code": "[Function code]"
      },
      "version": "6.2.0"
    }
  }
}