{
  "stats": {
    "suites": 1,
    "tests": 1,
    "passes": 0,
    "pending": 0,
    "failures": 1,
    "start": "2023-10-21T16:23:03.275Z",
    "end": "2023-10-21T16:23:20.909Z",
    "duration": 17634,
    "testsRegistered": 1,
    "passPercent": 0,
    "pendingPercent": 0,
    "other": 0,
    "hasOther": false,
    "skipped": 0,
    "hasSkipped": false
  },
  "results": [
    {
      "uuid": "2a138143-6682-4f59-8ed7-19e4b615bb6c",
      "title": "",
      "fullFile": "cypress\\integration\\examples\\FrameworkTest.js",
      "file": "cypress\\integration\\examples\\FrameworkTest.js",
      "beforeHooks": [],
      "afterHooks": [],
      "tests": [],
      "suites": [
        {
          "uuid": "9ac7d7fc-3065-495f-afac-8469df43dbf9",
          "title": "Framework test suite",
          "fullFile": "",
          "file": "",
          "beforeHooks": [],
          "afterHooks": [],
          "tests": [
            {
              "title": "insert data",
              "fullTitle": "Framework test suite insert data",
              "timedOut": null,
              "duration": 359,
              "state": "failed",
              "speed": null,
              "pass": false,
              "fail": true,
              "pending": false,
              "context": "\"C:\\\\Users\\\\TDP\\\\Downloads\\\\Cypress\\\\cypress\\\\screenshots/FrameworkTest.js/Framework test suite -- insert data (failed).png\"",
              "code": "",
              "err": {
                "message": "TypeError: Cannot read properties of undefined (reading 'name')",
                "estack": "TypeError: Cannot read properties of undefined (reading 'name')\n    at Context.eval (webpack://cypress/./cypress/integration/examples/FrameworkTest.js:34:52)",
                "diff": null
              },
              "uuid": "1224719c-c73e-477c-8bb8-549767f8e31b",
              "parentUUID": "9ac7d7fc-3065-495f-afac-8469df43dbf9",
              "isHook": false,
              "skipped": false
            }
          ],
          "suites": [],
          "passes": [],
          "failures": [
            "1224719c-c73e-477c-8bb8-549767f8e31b"
          ],
          "pending": [],
          "skipped": [],
          "duration": 359,
          "root": false,
          "rootEmpty": false,
          "_timeout": 2000
        }
      ],
      "passes": [],
      "failures": [],
      "pending": [],
      "skipped": [],
      "duration": 0,
      "root": true,
      "rootEmpty": true,
      "_timeout": 2000
    }
  ],
  "meta": {
    "mocha": {
      "version": "7.0.1"
    },
    "mochawesome": {
      "options": {
        "quiet": false,
        "reportFilename": "mochawesome",
        "saveHtml": true,
        "saveJson": true,
        "consoleReporter": "spec",
        "useInlineDiffs": false,
        "code": false
      },
      "version": "7.1.3"
    },
    "marge": {
      "options": {
        "charts": true,
        "reportPageTitle": "SwagLabs",
        "embeddedScreenshots": true,
        "inlineAssets": true,
        "saveAllAttempts": false,
        "code": "[Function code]"
      },
      "version": "6.2.0"
    }
  }
}