<?xml version="1.0" encoding="UTF-8"?>
<testsuite xmlns:xsi="http://www.w3.org/2001/XMLSchema-instance" xsi:noNamespaceSchemaLocation="https://maven.apache.org/surefire/maven-surefire-plugin/xsd/surefire-test-report-3.0.xsd" version="3.0" name="TestSuite" time="30.672" tests="14" errors="0" skipped="0" failures="2">
  <properties>
[...]
</properties>
  <testcase name="Login[problem_user, secret_sauce](1)" classname="Testing.LoginTest" time="1.361">
    <system-out><![CDATA[[INFO ] 2024-02-19 20:51:22.839 [main] Log - Starting suiteAll Test Suite
[INFO ] 2024-02-19 20:51:22.976 [main] Log - report step up
[INFO ] 2024-02-19 20:51:27.459 [main] Log - Web Browser launched
[INFO ] 2024-02-19 20:51:27.476 [main] Log - Starting test
[INFO ] 2024-02-19 20:51:27.477 [main] Log - Using username/Firstname: problem_user
[INFO ] 2024-02-19 20:51:27.477 [main] Log - logging
[INFO ] 2024-02-19 20:51:27.477 [main] Log - Login atttempt
[INFO ] 2024-02-19 20:51:28.002 [main] Log - Landed homepg
[INFO ] 2024-02-19 20:51:28.818 [main] Log - Logout
]]></system-out>
    <system-err><![CDATA[Starting ChromeDriver 111.0.5563.41 (976ef12907ef9b413c2d929c043307b415d27b9e-refs/branch-heads/5563@{#737}) on port 9223
Only local connections are allowed.
Please see https://chromedriver.chromium.org/security-considerations for suggestions on keeping ChromeDriver safe.
[I1P7v0863 5p7o8r8t3 .n0o90t] [aSvEVaEiRlEa]b:l eb.in dE(x) irteitnurgn.ed. .an
 error: Only one usage of each socket address (protocol/network address/port) is normally permitted. (0x2740)
Feb 19, 2024 8:51:23 PM org.openqa.selenium.remote.tracing.opentelemetry.OpenTelemetryTracer createTracer
INFO: Using OpenTelemetry for tracing
SLF4J: Failed to load class "org.slf4j.impl.StaticLoggerBinder".
SLF4J: Defaulting to no-operation (NOP) logger implementation
SLF4J: See http://www.slf4j.org/codes.html#StaticLoggerBinder for further details.
]]></system-err>
  </testcase>
  <testcase name="Login[locked_out_user, secret_sauce](2)" classname="Testing.LoginTest" time="5.81">
    <failure message="Login failed" type="java.lang.AssertionError"><![CDATA[java.lang.AssertionError: Login failed
	at org.testng.Assert.fail(Assert.java:89)
	at Testing.LoginTest.Login(LoginTest.java:45)
	at java.base/jdk.internal.reflect.NativeMethodAccessorImpl.invoke0(Native Method)
	at java.base/jdk.internal.reflect.NativeMethodAccessorImpl.invoke(NativeMethodAccessorImpl.java:62)
	at java.base/jdk.internal.reflect.DelegatingMethodAccessorImpl.invoke(DelegatingMethodAccessorImpl.java:43)
	at java.base/java.lang.reflect.Method.invoke(Method.java:566)
	at org.testng.internal.MethodInvocationHelper.invokeMethod(MethodInvocationHelper.java:80)
	at org.testng.internal.Invoker.invokeMethod(Invoker.java:691)
	at org.testng.internal.Invoker.invokeTestMethod(Invoker.java:883)
	at org.testng.internal.Invoker.invokeTestMethods(Invoker.java:1208)
	at org.testng.internal.TestMethodWorker.invokeTestMethods(TestMethodWorker.java:127)
	at org.testng.internal.TestMethodWorker.run(TestMethodWorker.java:111)
	at org.testng.TestRunner.privateRun(TestRunner.java:753)
	at org.testng.TestRunner.run(TestRunner.java:613)
	at org.testng.SuiteRunner.runTest(SuiteRunner.java:334)
	at org.testng.SuiteRunner.runSequentially(SuiteRunner.java:329)
	at org.testng.SuiteRunner.privateRun(SuiteRunner.java:291)
	at org.testng.SuiteRunner.run(SuiteRunner.java:240)
	at org.testng.SuiteRunnerWorker.runSuite(SuiteRunnerWorker.java:52)
	at org.testng.SuiteRunnerWorker.run(SuiteRunnerWorker.java:86)
	at org.testng.TestNG.runSuitesSequentially(TestNG.java:1137)
	at org.testng.TestNG.runSuitesLocally(TestNG.java:1062)
	at org.testng.TestNG.run(TestNG.java:974)
	at org.apache.maven.surefire.testng.TestNGExecutor.run(TestNGExecutor.java:308)
	at org.apache.maven.surefire.testng.TestNGXmlTestSuite.execute(TestNGXmlTestSuite.java:71)
	at org.apache.maven.surefire.testng.TestNGProvider.invoke(TestNGProvider.java:113)
	at org.apache.maven.surefire.booter.ForkedBooter.runSuitesInProcess(ForkedBooter.java:385)
	at org.apache.maven.surefire.booter.ForkedBooter.execute(ForkedBooter.java:162)
	at org.apache.maven.surefire.booter.ForkedBooter.run(ForkedBooter.java:507)
	at org.apache.maven.surefire.booter.ForkedBooter.main(ForkedBooter.java:495)
]]></failure>
    <system-out><![CDATA[[INFO ] 2024-02-19 20:51:28.819 [main] Log - This test is successful Login
[INFO ] 2024-02-19 20:51:28.821 [main] Log - Starting test
[INFO ] 2024-02-19 20:51:28.822 [main] Log - Using username/Firstname: locked_out_user
[INFO ] 2024-02-19 20:51:28.824 [main] Log - logging
[INFO ] 2024-02-19 20:51:28.825 [main] Log - Login atttempt
]]></system-out>
  </testcase>
  <testcase name="Login[locked_out_user, secret_sauce](3)" classname="Testing.LoginTest" time="5.491">
    <failure message="Login failed" type="java.lang.AssertionError"><![CDATA[java.lang.AssertionError: Login failed
	at org.testng.Assert.fail(Assert.java:89)
	at Testing.LoginTest.Login(LoginTest.java:45)
	at java.base/jdk.internal.reflect.NativeMethodAccessorImpl.invoke0(Native Method)
	at java.base/jdk.internal.reflect.NativeMethodAccessorImpl.invoke(NativeMethodAccessorImpl.java:62)
	at java.base/jdk.internal.reflect.DelegatingMethodAccessorImpl.invoke(DelegatingMethodAccessorImpl.java:43)
	at java.base/java.lang.reflect.Method.invoke(Method.java:566)
	at org.testng.internal.MethodInvocationHelper.invokeMethod(MethodInvocationHelper.java:80)
	at org.testng.internal.Invoker.invokeMethod(Invoker.java:691)
	at org.testng.internal.Invoker.retryFailed(Invoker.java:1031)
	at org.testng.internal.Invoker.invokeTestMethods(Invoker.java:1231)
	at org.testng.internal.TestMethodWorker.invokeTestMethods(TestMethodWorker.java:127)
	at org.testng.internal.TestMethodWorker.run(TestMethodWorker.java:111)
	at org.testng.TestRunner.privateRun(TestRunner.java:753)
	at org.testng.TestRunner.run(TestRunner.java:613)
	at org.testng.SuiteRunner.runTest(SuiteRunner.java:334)
	at org.testng.SuiteRunner.runSequentially(SuiteRunner.java:329)
	at org.testng.SuiteRunner.privateRun(SuiteRunner.java:291)
	at org.testng.SuiteRunner.run(SuiteRunner.java:240)
	at org.testng.SuiteRunnerWorker.runSuite(SuiteRunnerWorker.java:52)
	at org.testng.SuiteRunnerWorker.run(SuiteRunnerWorker.java:86)
	at org.testng.TestNG.runSuitesSequentially(TestNG.java:1137)
	at org.testng.TestNG.runSuitesLocally(TestNG.java:1062)
	at org.testng.TestNG.run(TestNG.java:974)
	at org.apache.maven.surefire.testng.TestNGExecutor.run(TestNGExecutor.java:308)
	at org.apache.maven.surefire.testng.TestNGXmlTestSuite.execute(TestNGXmlTestSuite.java:71)
	at org.apache.maven.surefire.testng.TestNGProvider.invoke(TestNGProvider.java:113)
	at org.apache.maven.surefire.booter.ForkedBooter.runSuitesInProcess(ForkedBooter.java:385)
	at org.apache.maven.surefire.booter.ForkedBooter.execute(ForkedBooter.java:162)
	at org.apache.maven.surefire.booter.ForkedBooter.run(ForkedBooter.java:507)
	at org.apache.maven.surefire.booter.ForkedBooter.main(ForkedBooter.java:495)
]]></failure>
    <system-out><![CDATA[[ERROR] 2024-02-19 20:51:34.878 [main] Log - Test failed
[INFO ] 2024-02-19 20:51:34.880 [main] Log - logging
[INFO ] 2024-02-19 20:51:34.880 [main] Log - Retrying test
[INFO ] 2024-02-19 20:51:34.881 [main] Log - Login atttempt
]]></system-out>
  </testcase>
  <testcase name="Login[performance_glitch_user, secret_sauce](4)" classname="Testing.LoginTest" time="6.187">
    <system-out><![CDATA[[ERROR] 2024-02-19 20:51:40.487 [main] Log - Test failed
[INFO ] 2024-02-19 20:51:40.489 [main] Log - Starting test
[INFO ] 2024-02-19 20:51:40.489 [main] Log - Using username/Firstname: performance_glitch_user
[INFO ] 2024-02-19 20:51:40.490 [main] Log - logging
[INFO ] 2024-02-19 20:51:40.490 [main] Log - Login atttempt
[INFO ] 2024-02-19 20:51:45.877 [main] Log - Landed homepg
[INFO ] 2024-02-19 20:51:46.676 [main] Log - Logout
]]></system-out>
  </testcase>
  <testcase name="FLogin" classname="Testing.LoginTest" time="0.35">
    <system-out><![CDATA[[INFO ] 2024-02-19 20:51:46.676 [main] Log - This test is successful Login
[INFO ] 2024-02-19 20:51:46.677 [main] Log - Starting test
[INFO ] 2024-02-19 20:51:46.678 [main] Log - Using username: standard_user
[INFO ] 2024-02-19 20:51:46.678 [main] Log - final login
[INFO ] 2024-02-19 20:51:46.679 [main] Log - Login atttempt
[INFO ] 2024-02-19 20:51:46.984 [main] Log - Landed homepg
]]></system-out>
  </testcase>
  <testcase name="AddToCart" classname="Testing.HomepgTest" time="0.126">
    <system-out><![CDATA[[INFO ] 2024-02-19 20:51:47.028 [main] Log - This test is successful FLogin
[INFO ] 2024-02-19 20:51:47.030 [main] Log - Starting test
[INFO ] 2024-02-19 20:51:47.030 [main] Log - Adding products to cart
[INFO ] 2024-02-19 20:51:47.031 [main] Log - Selecting products
[INFO ] 2024-02-19 20:51:47.046 [main] Log - added product
[INFO ] 2024-02-19 20:51:47.076 [main] Log - added product
]]></system-out>
  </testcase>
  <testcase name="CheckCart" classname="Testing.HomepgTest" time="0.077">
    <system-out><![CDATA[[INFO ] 2024-02-19 20:51:47.166 [main] Log - This test is successful AddToCart
[INFO ] 2024-02-19 20:51:47.167 [main] Log - Starting test
[INFO ] 2024-02-19 20:51:47.168 [main] Log - Checking the Added products in Cart
[INFO ] 2024-02-19 20:51:47.168 [main] Log - Checking products in cart
[INFO ] 2024-02-19 20:51:47.168 [main] Log - Going to cart
]]></system-out>
  </testcase>
  <testcase name="RemoveProduct" classname="Testing.CartpgTest" time="0.094">
    <system-out><![CDATA[[INFO ] 2024-02-19 20:51:47.245 [main] Log - This test is successful CheckCart
[INFO ] 2024-02-19 20:51:47.246 [main] Log - Starting test
[INFO ] 2024-02-19 20:51:47.247 [main] Log - Removing products from Cart
[INFO ] 2024-02-19 20:51:47.247 [main] Log - Removing products
[INFO ] 2024-02-19 20:51:47.309 [main] Log - product removed
]]></system-out>
  </testcase>
  <testcase name="CheckOut" classname="Testing.CartpgTest" time="0.136">
    <system-out><![CDATA[[INFO ] 2024-02-19 20:51:47.350 [main] Log - This test is successful RemoveProduct
[INFO ] 2024-02-19 20:51:47.350 [main] Log - Starting test
[INFO ] 2024-02-19 20:51:47.351 [main] Log - Going to Checkout Products
[INFO ] 2024-02-19 20:51:47.351 [main] Log - Check out products
[INFO ] 2024-02-19 20:51:47.415 [main] Log - Going to checkout
]]></system-out>
  </testcase>
  <testcase name="AddIncorrectInfo[, akber, 12345](1)" classname="Testing.CheckoutpgTest" time="0.638">
    <system-out><![CDATA[[INFO ] 2024-02-19 20:51:47.487 [main] Log - This test is successful CheckOut
[INFO ] 2024-02-19 20:51:47.488 [main] Log - Starting test
[INFO ] 2024-02-19 20:51:47.489 [main] Log - Using username/Firstname: 
[INFO ] 2024-02-19 20:51:47.489 [main] Log - Filling out the incorrect details
[INFO ] 2024-02-19 20:51:47.489 [main] Log - Setting incorrect values
]]></system-out>
  </testcase>
  <testcase name="AddIncorrectInfo[shaiz, , 12345](2)" classname="Testing.CheckoutpgTest" time="0.586">
    <system-out><![CDATA[[INFO ] 2024-02-19 20:51:48.127 [main] Log - This test is successful AddIncorrectInfo
[INFO ] 2024-02-19 20:51:48.128 [main] Log - Starting test
[INFO ] 2024-02-19 20:51:48.128 [main] Log - Using username/Firstname: shaiz
[INFO ] 2024-02-19 20:51:48.129 [main] Log - Filling out the incorrect details
[INFO ] 2024-02-19 20:51:48.129 [main] Log - Setting incorrect values
]]></system-out>
  </testcase>
  <testcase name="AddIncorrectInfo[shaiz, akber, ](3)" classname="Testing.CheckoutpgTest" time="0.593">
    <system-out><![CDATA[[INFO ] 2024-02-19 20:51:48.716 [main] Log - This test is successful AddIncorrectInfo
[INFO ] 2024-02-19 20:51:48.717 [main] Log - Starting test
[INFO ] 2024-02-19 20:51:48.718 [main] Log - Using username/Firstname: shaiz
[INFO ] 2024-02-19 20:51:48.719 [main] Log - Filling out the incorrect details
[INFO ] 2024-02-19 20:51:48.719 [main] Log - Setting incorrect values
]]></system-out>
  </testcase>
  <testcase name="AddCorrectInfo" classname="Testing.CheckoutpgTest" time="0.469">
    <system-out><![CDATA[[INFO ] 2024-02-19 20:51:49.311 [main] Log - This test is successful AddIncorrectInfo
[INFO ] 2024-02-19 20:51:49.312 [main] Log - Starting test
[INFO ] 2024-02-19 20:51:49.312 [main] Log - Using username: shaiz
[INFO ] 2024-02-19 20:51:49.313 [main] Log - Adding correct info
[INFO ] 2024-02-19 20:51:49.313 [main] Log - Addning correct info
]]></system-out>
  </testcase>
  <testcase name="GetInfo" classname="Testing.FinishpgTest" time="2.297">
    <system-out><![CDATA[[INFO ] 2024-02-19 20:51:49.782 [main] Log - This test is successful AddCorrectInfo
[INFO ] 2024-02-19 20:51:49.783 [main] Log - Starting test
[INFO ] 2024-02-19 20:51:49.783 [main] Log - Getting the total price, payment info
[INFO ] 2024-02-19 20:51:51.788 [main] Log - Validating info
[INFO ] 2024-02-19 20:51:51.941 [main] Log - payment infoSauceCard #31337
[INFO ] 2024-02-19 20:51:51.941 [main] Log - ship infoFree Pony Express Delivery!
[INFO ] 2024-02-19 20:51:51.941 [main] Log - price infoTotal: $10.79
]]></system-out>
  </testcase>
</testsuite>