<?xml version="1.0" encoding="UTF-8"?>
<testng-results skipped="0" failed="1" total="4" passed="3">
  <reporter-output>
  </reporter-output>
  <suite name="All Test Suite" duration-ms="18802" started-at="2023-03-25T01:18:25Z" finished-at="2023-03-25T01:18:44Z">
    <groups>
    </groups>
    <test name="C:/Users/USER/Desktop/TestNG Reporting" duration-ms="18802" started-at="2023-03-25T01:18:25Z" finished-at="2023-03-25T01:18:44Z">
      <class name="TestCases.Testing">
        <test-method status="PASS" signature="Driver()[pri:0, instance:TestCases.Testing@75bd9247]" name="Driver" is-config="true" duration-ms="11664" started-at="2023-03-25T01:18:25Z" finished-at="2023-03-25T01:18:37Z">
        </test-method>
        <test-method status="PASS" signature="LandingHomepg()[pri:1, instance:TestCases.Testing@75bd9247]" name="LandingHomepg" duration-ms="215" started-at="2023-03-25T01:18:37Z" description="Landing home page" finished-at="2023-03-25T01:18:37Z">
        </test-method>
        <test-method status="PASS" signature="landingMen()[pri:2, instance:TestCases.Testing@75bd9247]" name="landingMen" duration-ms="3760" started-at="2023-03-25T01:18:37Z" description="Landing on Men section" finished-at="2023-03-25T01:18:41Z">
        </test-method>
        <test-method status="PASS" signature="Checkout()[pri:3, instance:TestCases.Testing@75bd9247]" name="Checkout" duration-ms="2853" started-at="2023-03-25T01:18:41Z" description="Clicking on Product" finished-at="2023-03-25T01:18:44Z">
        </test-method>
        <test-method status="FAIL" signature="Proceed()[pri:4, instance:TestCases.Testing@75bd9247]" name="Proceed" duration-ms="18" started-at="2023-03-25T01:18:44Z" description="filling out details" finished-at="2023-03-25T01:18:44Z">
          <exception class="junit.framework.AssertionFailedError">
            <full-stacktrace>
              <![CDATA[junit.framework.AssertionFailedError
	at junit.framework.Assert.fail(Assert.java:47)
	at junit.framework.Assert.assertTrue(Assert.java:20)
	at junit.framework.Assert.assertTrue(Assert.java:27)
	at TestCases.Testing.Proceed(Testing.java:60)
	at sun.reflect.NativeMethodAccessorImpl.invoke0(Native Method)
	at sun.reflect.NativeMethodAccessorImpl.invoke(NativeMethodAccessorImpl.java:62)
	at sun.reflect.DelegatingMethodAccessorImpl.invoke(DelegatingMethodAccessorImpl.java:43)
	at java.lang.reflect.Method.invoke(Method.java:498)
	at org.testng.internal.MethodInvocationHelper.invokeMethod(MethodInvocationHelper.java:80)
	at org.testng.internal.Invoker.invokeMethod(Invoker.java:691)
	at org.testng.internal.Invoker.invokeTestMethod(Invoker.java:883)
	at org.testng.internal.Invoker.invokeTestMethods(Invoker.java:1208)
	at org.testng.internal.TestMethodWorker.invokeTestMethods(TestMethodWorker.java:127)
	at org.testng.internal.TestMethodWorker.run(TestMethodWorker.java:111)
	at org.testng.TestRunner.privateRun(TestRunner.java:753)
	at org.testng.TestRunner.run(TestRunner.java:613)
	at org.testng.SuiteRunner.runTest(SuiteRunner.java:334)
	at org.testng.SuiteRunner.runSequentially(SuiteRunner.java:329)
	at org.testng.SuiteRunner.privateRun(SuiteRunner.java:291)
	at org.testng.SuiteRunner.run(SuiteRunner.java:240)
	at org.testng.SuiteRunnerWorker.runSuite(SuiteRunnerWorker.java:52)
	at org.testng.SuiteRunnerWorker.run(SuiteRunnerWorker.java:86)
	at org.testng.TestNG.runSuitesSequentially(TestNG.java:1137)
	at org.testng.TestNG.runSuitesLocally(TestNG.java:1062)
	at org.testng.TestNG.run(TestNG.java:974)
	at com.intellij.rt.testng.IDEARemoteTestNG.run(IDEARemoteTestNG.java:66)
	at com.intellij.rt.testng.RemoteTestNGStarter.main(RemoteTestNGStarter.java:109)
]]>
            </full-stacktrace>
          </exception>
        </test-method>
        <test-method status="PASS" signature="Teardown()[pri:0, instance:TestCases.Testing@75bd9247]" name="Teardown" is-config="true" duration-ms="232" started-at="2023-03-25T01:18:44Z" finished-at="2023-03-25T01:18:44Z">
        </test-method>
      </class>
    </test>
  </suite>
</testng-results>
