<?xml version="1.0" encoding="UTF-8"?>
<testng-results skipped="0" failed="0" total="1" passed="1">
  <reporter-output>
  </reporter-output>
  <suite name="Surefire suite" duration-ms="23" started-at="2023-03-30T17:53:01Z" finished-at="2023-03-30T17:53:01Z">
    <groups>
    </groups>
    <test name="Surefire test" duration-ms="23" started-at="2023-03-30T17:53:01Z" finished-at="2023-03-30T17:53:01Z">
      <class name="org.example.AppTest">
        <test-method status="PASS" signature="testApp()[pri:0, instance:testApp(org.example.AppTest)]" name="testApp" duration-ms="5" started-at="2023-03-30T22:53:01Z" finished-at="2023-03-30T22:53:01Z">
          <reporter-output>
          </reporter-output>
        </test-method> <!-- testApp -->
      </class> <!-- org.example.AppTest -->
    </test> <!-- Surefire test -->
  </suite> <!-- Surefire suite -->
</testng-results>
