<?xml version="1.0" encoding="UTF-8"?>
<testng-results skipped="0" failed="0" total="1" passed="1">
  <reporter-output>
  </reporter-output>
  <suite name="Command line suite" duration-ms="23" started-at="2023-03-17T18:39:01Z" finished-at="2023-03-17T18:39:01Z">
    <groups>
    </groups>
    <test name="Command line test" duration-ms="23" started-at="2023-03-17T18:39:01Z" finished-at="2023-03-17T18:39:01Z">
      <class name="org.example.AppTest">
        <test-method status="PASS" signature="testApp()" name="testApp" duration-ms="3" started-at="2023-03-17T18:39:01Z" finished-at="2023-03-17T18:39:01Z">
        </test-method>
      </class>
    </test>
  </suite>
</testng-results>
